[01-Jan-2025 07:04:22 Europe/Berlin] PHP Fatal error:  Test error in C:\xampp\htdocs\Lab\checkout.php on line 7
[01-Jan-2025 07:04:22 Europe/Berlin] PHP Fatal error:  Test error in C:\xampp\htdocs\Lab\checkout.php on line 7
[01-Jan-2025 07:04:22 Europe/Berlin] PHP Fatal error:  Test error in C:\xampp\htdocs\Lab\checkout.php on line 7
[01-Jan-2025 07:04:48 Europe/Berlin] PHP Fatal error:  Test error in C:\xampp\htdocs\Lab\checkout.php on line 7
[01-Jan-2025 07:05:57 Europe/Berlin] PHP Warning:  Undefined variable $db in C:\xampp\htdocs\Lab\checkout.php on line 32
[01-Jan-2025 07:05:57 Europe/Berlin] PHP Fatal error:  Uncaught Error: Call to a member function beginTransaction() on null in C:\xampp\htdocs\Lab\checkout.php:32
Stack trace:
#0 {main}
  thrown in C:\xampp\htdocs\Lab\checkout.php on line 32
[01-Jan-2025 07:05:57 Europe/Berlin] PHP Warning:  Undefined variable $db in C:\xampp\htdocs\Lab\checkout.php on line 32
[01-Jan-2025 07:05:57 Europe/Berlin] PHP Fatal error:  Uncaught Error: Call to a member function beginTransaction() on null in C:\xampp\htdocs\Lab\checkout.php:32
Stack trace:
#0 {main}
  thrown in C:\xampp\htdocs\Lab\checkout.php on line 32
[01-Jan-2025 07:09:31 Europe/Berlin] PHP Fatal error:  Uncaught Error: Call to undefined method mysqli::beginTransaction() in C:\xampp\htdocs\Lab\checkout.php:32
Stack trace:
#0 {main}
  thrown in C:\xampp\htdocs\Lab\checkout.php on line 32
[01-Jan-2025 07:12:33 Europe/Berlin] PHP Fatal error:  Uncaught Error: Call to undefined method mysqli_stmt::fetch_assoc() in C:\xampp\htdocs\Lab\checkout.php:38
Stack trace:
#0 {main}
  thrown in C:\xampp\htdocs\Lab\checkout.php on line 38
[01-Jan-2025 07:12:37 Europe/Berlin] PHP Fatal error:  Uncaught Error: Call to undefined method mysqli_stmt::fetch_assoc() in C:\xampp\htdocs\Lab\checkout.php:38
Stack trace:
#0 {main}
  thrown in C:\xampp\htdocs\Lab\checkout.php on line 38
[01-Jan-2025 07:12:37 Europe/Berlin] PHP Fatal error:  Uncaught Error: Call to undefined method mysqli_stmt::fetch_assoc() in C:\xampp\htdocs\Lab\checkout.php:38
Stack trace:
#0 {main}
  thrown in C:\xampp\htdocs\Lab\checkout.php on line 38
[01-Jan-2025 07:18:24 Europe/Berlin] PHP Warning:  Undefined variable $db in C:\xampp\htdocs\Lab\checkout.php on line 32
[01-Jan-2025 07:18:24 Europe/Berlin] PHP Fatal error:  Uncaught Error: Call to a member function beginTransaction() on null in C:\xampp\htdocs\Lab\checkout.php:32
Stack trace:
#0 {main}
  thrown in C:\xampp\htdocs\Lab\checkout.php on line 32
[01-Jan-2025 07:18:35 Europe/Berlin] PHP Warning:  Undefined variable $db in C:\xampp\htdocs\Lab\checkout.php on line 32
[01-Jan-2025 07:18:35 Europe/Berlin] PHP Fatal error:  Uncaught Error: Call to a member function beginTransaction() on null in C:\xampp\htdocs\Lab\checkout.php:32
Stack trace:
#0 {main}
  thrown in C:\xampp\htdocs\Lab\checkout.php on line 32
[01-Jan-2025 07:18:35 Europe/Berlin] PHP Warning:  Undefined variable $db in C:\xampp\htdocs\Lab\checkout.php on line 32
[01-Jan-2025 07:18:35 Europe/Berlin] PHP Fatal error:  Uncaught Error: Call to a member function beginTransaction() on null in C:\xampp\htdocs\Lab\checkout.php:32
Stack trace:
#0 {main}
  thrown in C:\xampp\htdocs\Lab\checkout.php on line 32
[01-Jan-2025 07:19:19 Europe/Berlin] PHP Fatal error:  Uncaught Error: Call to undefined method mysqli::beginTransaction() in C:\xampp\htdocs\Lab\checkout.php:32
Stack trace:
#0 {main}
  thrown in C:\xampp\htdocs\Lab\checkout.php on line 32
[01-Jan-2025 07:19:19 Europe/Berlin] PHP Fatal error:  Uncaught Error: Call to undefined method mysqli::beginTransaction() in C:\xampp\htdocs\Lab\checkout.php:32
Stack trace:
#0 {main}
  thrown in C:\xampp\htdocs\Lab\checkout.php on line 32
[01-Jan-2025 07:19:19 Europe/Berlin] PHP Fatal error:  Uncaught Error: Call to undefined method mysqli::beginTransaction() in C:\xampp\htdocs\Lab\checkout.php:32
Stack trace:
#0 {main}
  thrown in C:\xampp\htdocs\Lab\checkout.php on line 32
[01-Jan-2025 07:20:21 Europe/Berlin] PHP Fatal error:  Test error in C:\xampp\htdocs\Lab\checkout.php on line 7
[01-Jan-2025 07:20:21 Europe/Berlin] PHP Fatal error:  Test error in C:\xampp\htdocs\Lab\checkout.php on line 7
[01-Jan-2025 07:21:05 Europe/Berlin] PHP Fatal error:  Test error in C:\xampp\htdocs\Lab\checkout.php on line 7
[01-Jan-2025 07:21:05 Europe/Berlin] PHP Fatal error:  Test error in C:\xampp\htdocs\Lab\checkout.php on line 7
[01-Jan-2025 07:21:44 Europe/Berlin] PHP Fatal error:  Test error in C:\xampp\htdocs\Lab\checkout.php on line 7
[01-Jan-2025 07:21:44 Europe/Berlin] PHP Fatal error:  Test error in C:\xampp\htdocs\Lab\checkout.php on line 7
[01-Jan-2025 07:30:17 Europe/Berlin] PHP Fatal error:  Test error in C:\xampp\htdocs\Lab\checkout.php on line 7
[01-Jan-2025 07:33:14 Europe/Berlin] PHP Fatal error:  Test error in C:\xampp\htdocs\Lab\checkout.php on line 7
[01-Jan-2025 07:33:14 Europe/Berlin] PHP Fatal error:  Test error in C:\xampp\htdocs\Lab\checkout.php on line 7
